<?xml version="1.0" encoding="UTF-8"?>
<testsuite xmlns:xsi="http://www.w3.org/2001/XMLSchema-instance" xsi:noNamespaceSchemaLocation="https://maven.apache.org/surefire/maven-surefire-plugin/xsd/surefire-test-report.xsd" name="com.pragma.pruebas.PruebasApplicationTests" time="0.666" tests="1" errors="1" skipped="0" failures="0">
  <properties>
[...]
</properties>
  <testcase name="com.pragma.pruebas.PruebasApplicationTests" classname="com.pragma.pruebas.PruebasApplicationTests" time="0.661">
    <error message="Unable to find a @SpringBootConfiguration, you need to use @ContextConfiguration or @SpringBootTest(classes=...) with your test" type="java.lang.IllegalStateException">java.lang.IllegalStateException: Unable to find a @SpringBootConfiguration, you need to use @ContextConfiguration or @SpringBootTest(classes=...) with your test
</error>
    <system-out><![CDATA[00:20:11.644 [main] DEBUG org.springframework.test.context.BootstrapUtils - Instantiating CacheAwareContextLoaderDelegate from class [org.springframework.test.context.cache.DefaultCacheAwareContextLoaderDelegate]
00:20:11.668 [main] DEBUG org.springframework.test.context.BootstrapUtils - Instantiating BootstrapContext using constructor [public org.springframework.test.context.support.DefaultBootstrapContext(java.lang.Class,org.springframework.test.context.CacheAwareContextLoaderDelegate)]
00:20:11.748 [main] DEBUG org.springframework.test.context.BootstrapUtils - Instantiating TestContextBootstrapper for test class [com.pragma.pruebas.PruebasApplicationTests] from class [org.springframework.boot.test.context.SpringBootTestContextBootstrapper]
00:20:11.776 [main] INFO org.springframework.boot.test.context.SpringBootTestContextBootstrapper - Neither @ContextConfiguration nor @ContextHierarchy found for test class [com.pragma.pruebas.PruebasApplicationTests], using SpringBootContextLoader
00:20:11.787 [main] DEBUG org.springframework.test.context.support.AbstractContextLoader - Did not detect default resource location for test class [com.pragma.pruebas.PruebasApplicationTests]: class path resource [com/pragma/pruebas/PruebasApplicationTests-context.xml] does not exist
00:20:11.788 [main] DEBUG org.springframework.test.context.support.AbstractContextLoader - Did not detect default resource location for test class [com.pragma.pruebas.PruebasApplicationTests]: class path resource [com/pragma/pruebas/PruebasApplicationTestsContext.groovy] does not exist
00:20:11.788 [main] INFO org.springframework.test.context.support.AbstractContextLoader - Could not detect default resource locations for test class [com.pragma.pruebas.PruebasApplicationTests]: no resource found for suffixes {-context.xml, Context.groovy}.
00:20:11.790 [main] INFO org.springframework.test.context.support.AnnotationConfigContextLoaderUtils - Could not detect default configuration classes for test class [com.pragma.pruebas.PruebasApplicationTests]: PruebasApplicationTests does not declare any static, non-private, non-final, nested classes annotated with @Configuration.
00:20:11.924 [main] DEBUG org.springframework.test.context.support.ActiveProfilesUtils - Could not find an 'annotation declaring class' for annotation type [org.springframework.test.context.ActiveProfiles] and class [com.pragma.pruebas.PruebasApplicationTests]
]]></system-out>
  </testcase>
</testsuite>